Determining if the pthread_create exist failed with the following output:
Change Dir: /home/oleg/Deep_learning/Thesis/MaskedCNN/CMakeFiles/CMakeTmp

Run Build Command:"/usr/bin/make" "cmTC_950df/fast"
/usr/bin/make -f CMakeFiles/cmTC_950df.dir/build.make CMakeFiles/cmTC_950df.dir/build
make[1]: вход в каталог «/home/oleg/Deep_learning/Thesis/MaskedCNN/CMakeFiles/CMakeTmp»
Building C object CMakeFiles/cmTC_950df.dir/CheckSymbolExists.c.o
/usr/bin/cc     -o CMakeFiles/cmTC_950df.dir/CheckSymbolExists.c.o   -c /home/oleg/Deep_learning/Thesis/MaskedCNN/CMakeFiles/CMakeTmp/CheckSymbolExists.c
Linking C executable cmTC_950df
/usr/bin/cmake -E cmake_link_script CMakeFiles/cmTC_950df.dir/link.txt --verbose=1
/usr/bin/cc       CMakeFiles/cmTC_950df.dir/CheckSymbolExists.c.o  -o cmTC_950df -rdynamic 
CMakeFiles/cmTC_950df.dir/CheckSymbolExists.c.o: In function `main':
CheckSymbolExists.c:(.text+0x1b): undefined reference to `pthread_create'
collect2: error: ld returned 1 exit status
CMakeFiles/cmTC_950df.dir/build.make:97: ошибка выполнения рецепта для цели «cmTC_950df»
make[1]: *** [cmTC_950df] Ошибка 1
make[1]: выход из каталога «/home/oleg/Deep_learning/Thesis/MaskedCNN/CMakeFiles/CMakeTmp»
Makefile:126: ошибка выполнения рецепта для цели «cmTC_950df/fast»
make: *** [cmTC_950df/fast] Ошибка 2

File /home/oleg/Deep_learning/Thesis/MaskedCNN/CMakeFiles/CMakeTmp/CheckSymbolExists.c:
/* */
#include <pthread.h>

int main(int argc, char** argv)
{
  (void)argv;
#ifndef pthread_create
  return ((int*)(&pthread_create))[argc];
#else
  (void)argc;
  return 0;
#endif
}

Determining if the function pthread_create exists in the pthreads failed with the following output:
Change Dir: /home/oleg/Deep_learning/Thesis/MaskedCNN/CMakeFiles/CMakeTmp

Run Build Command:"/usr/bin/make" "cmTC_c4832/fast"
/usr/bin/make -f CMakeFiles/cmTC_c4832.dir/build.make CMakeFiles/cmTC_c4832.dir/build
make[1]: вход в каталог «/home/oleg/Deep_learning/Thesis/MaskedCNN/CMakeFiles/CMakeTmp»
Building C object CMakeFiles/cmTC_c4832.dir/CheckFunctionExists.c.o
/usr/bin/cc    -DCHECK_FUNCTION_EXISTS=pthread_create   -o CMakeFiles/cmTC_c4832.dir/CheckFunctionExists.c.o   -c /usr/share/cmake-3.7/Modules/CheckFunctionExists.c
Linking C executable cmTC_c4832
/usr/bin/cmake -E cmake_link_script CMakeFiles/cmTC_c4832.dir/link.txt --verbose=1
/usr/bin/cc   -DCHECK_FUNCTION_EXISTS=pthread_create    CMakeFiles/cmTC_c4832.dir/CheckFunctionExists.c.o  -o cmTC_c4832 -rdynamic -lpthreads 
/usr/bin/ld: cannot find -lpthreads
collect2: error: ld returned 1 exit status
CMakeFiles/cmTC_c4832.dir/build.make:97: ошибка выполнения рецепта для цели «cmTC_c4832»
make[1]: *** [cmTC_c4832] Ошибка 1
make[1]: выход из каталога «/home/oleg/Deep_learning/Thesis/MaskedCNN/CMakeFiles/CMakeTmp»
Makefile:126: ошибка выполнения рецепта для цели «cmTC_c4832/fast»
make: *** [cmTC_c4832/fast] Ошибка 2


